<?xml version="1.0" encoding="UTF-8"?>
<!-- Generated by org.testng.reporters.JUnitXMLReporter -->
<testsuite ignored="0" hostname="WINDOWS-04NECUH" failures="0" tests="6" name="Surefire test" time="0.054" errors="0" timestamp="2020-12-13T18:36:40 EST">
  <testcase classname="seleniumtutorial.Mavenjava.AppiumTest" name="IOSApps" time="0.006"/>
  <testcase classname="seleniumtutorial.Mavenjava.AppiumTest" name="NativeappAnroid" time="0.001"/>
  <testcase classname="seleniumtutorial.Mavenjava.RestAPITest" name="deleteTwitter" time="0.0"/>
  <testcase classname="seleniumtutorial.Mavenjava.RestAPITest" name="postJira" time="0.0"/>
  <testcase classname="seleniumtutorial.Mavenjava.seliniumTest" name="BrowserAutomation" time="0.0"/>
  <testcase classname="seleniumtutorial.Mavenjava.seliniumTest" name="elementUI" time="0.0"/>
</testsuite> <!-- Surefire test -->
