<?xml version="1.0" encoding="UTF-8"?>
<!-- Generated by org.testng.reporters.JUnitXMLReporter -->
<testsuite ignored="1" hostname="WINDOWS-04NECUH" failures="0" tests="1" name="Default test" time="0.057" errors="0" timestamp="2020-12-13T12:03:33 EST">
  <testcase classname="seleniumtutorial.Mavenjava.AppiumTest" name="NativeappAnroid" time="0.014"/>
  <testcase classname="seleniumtutorial.Mavenjava.AppiumTest" name="IOSApps" time="0.0">
    <ignored/>
  </testcase> <!-- IOSApps -->
</testsuite> <!-- Default test -->
