<?xml version="1.0" encoding="UTF-8"?>
<testng-results ignored="1" total="2" passed="1" failed="0" skipped="0">
  <reporter-output>
  </reporter-output>
  <suite started-at="2020-12-13T12:03:33 EST" name="Default suite" finished-at="2020-12-13T12:03:33 EST" duration-ms="57">
    <groups>
    </groups>
    <test started-at="2020-12-13T12:03:33 EST" name="Default test" finished-at="2020-12-13T12:03:33 EST" duration-ms="57">
      <class name="seleniumtutorial.Mavenjava.AppiumTest">
        <test-method signature="NativeappAnroid()[pri:0, instance:seleniumtutorial.Mavenjava.AppiumTest@776b83cc]" started-at="2020-12-13T12:03:33 EST" name="NativeappAnroid" finished-at="2020-12-13T12:03:33 EST" duration-ms="14" status="PASS">
          <reporter-output>
          </reporter-output>
        </test-method> <!-- NativeappAnroid -->
      </class> <!-- seleniumtutorial.Mavenjava.AppiumTest -->
    </test> <!-- Default test -->
  </suite> <!-- Default suite -->
</testng-results>
